Determining if the pthread_create exist failed with the following output:
Change Dir: /home/ganl/DBlab/scudb_initial/build/CMakeFiles/CMakeTmp

Run Build Command:"/usr/bin/make" "cmTC_74027/fast"
/usr/bin/make -f CMakeFiles/cmTC_74027.dir/build.make CMakeFiles/cmTC_74027.dir/build
make[1]: 进入目录“/home/ganl/DBlab/scudb_initial/build/CMakeFiles/CMakeTmp”
Building C object CMakeFiles/cmTC_74027.dir/CheckSymbolExists.c.o
/usr/bin/cc    -o CMakeFiles/cmTC_74027.dir/CheckSymbolExists.c.o   -c /home/ganl/DBlab/scudb_initial/build/CMakeFiles/CMakeTmp/CheckSymbolExists.c
Linking C executable cmTC_74027
/usr/bin/cmake -E cmake_link_script CMakeFiles/cmTC_74027.dir/link.txt --verbose=1
/usr/bin/cc      -rdynamic CMakeFiles/cmTC_74027.dir/CheckSymbolExists.c.o  -o cmTC_74027 
CMakeFiles/cmTC_74027.dir/CheckSymbolExists.c.o：在函数‘main’中：
CheckSymbolExists.c:(.text+0x1b)：对‘pthread_create’未定义的引用
collect2: error: ld returned 1 exit status
CMakeFiles/cmTC_74027.dir/build.make:97: recipe for target 'cmTC_74027' failed
make[1]: *** [cmTC_74027] Error 1
make[1]: 离开目录“/home/ganl/DBlab/scudb_initial/build/CMakeFiles/CMakeTmp”
Makefile:126: recipe for target 'cmTC_74027/fast' failed
make: *** [cmTC_74027/fast] Error 2

File /home/ganl/DBlab/scudb_initial/build/CMakeFiles/CMakeTmp/CheckSymbolExists.c:
/* */
#include <pthread.h>

int main(int argc, char** argv)
{
  (void)argv;
#ifndef pthread_create
  return ((int*)(&pthread_create))[argc];
#else
  (void)argc;
  return 0;
#endif
}

Determining if the function pthread_create exists in the pthreads failed with the following output:
Change Dir: /home/ganl/DBlab/scudb_initial/build/CMakeFiles/CMakeTmp

Run Build Command:"/usr/bin/make" "cmTC_6d8f5/fast"
/usr/bin/make -f CMakeFiles/cmTC_6d8f5.dir/build.make CMakeFiles/cmTC_6d8f5.dir/build
make[1]: 进入目录“/home/ganl/DBlab/scudb_initial/build/CMakeFiles/CMakeTmp”
Building C object CMakeFiles/cmTC_6d8f5.dir/CheckFunctionExists.c.o
/usr/bin/cc   -DCHECK_FUNCTION_EXISTS=pthread_create   -o CMakeFiles/cmTC_6d8f5.dir/CheckFunctionExists.c.o   -c /usr/share/cmake-3.10/Modules/CheckFunctionExists.c
Linking C executable cmTC_6d8f5
/usr/bin/cmake -E cmake_link_script CMakeFiles/cmTC_6d8f5.dir/link.txt --verbose=1
/usr/bin/cc  -DCHECK_FUNCTION_EXISTS=pthread_create    -rdynamic CMakeFiles/cmTC_6d8f5.dir/CheckFunctionExists.c.o  -o cmTC_6d8f5 -lpthreads 
/usr/bin/ld: 找不到 -lpthreads
collect2: error: ld returned 1 exit status
CMakeFiles/cmTC_6d8f5.dir/build.make:97: recipe for target 'cmTC_6d8f5' failed
make[1]: *** [cmTC_6d8f5] Error 1
make[1]: 离开目录“/home/ganl/DBlab/scudb_initial/build/CMakeFiles/CMakeTmp”
Makefile:126: recipe for target 'cmTC_6d8f5/fast' failed
make: *** [cmTC_6d8f5/fast] Error 2


